[0.023s] Invoking command in '/home/alsnac/Codes/GIT/6DOF_Servo/ROS2-urdf/build/servo6dof': CMAKE_PREFIX_PATH=/opt/ros/humble CONDA_PROMPT_MODIFIER=(base) /usr/bin/cmake --build /home/alsnac/Codes/GIT/6DOF_Servo/ROS2-urdf/build/servo6dof -- -j16 -l16
[0.108s] -- Found ament_cmake: 1.3.9 (/opt/ros/humble/share/ament_cmake/cmake)
[0.332s] -- Found ament_lint_auto: 0.12.11 (/opt/ros/humble/share/ament_lint_auto/cmake)
[0.528s] -- Added test 'cppcheck' to perform static code analysis on C / C++ code
[0.528s] -- Configured cppcheck include dirs: 
[0.528s] -- Configured cppcheck exclude dirs and/or files: 
[0.534s] -- Added test 'flake8' to check Python code syntax and style conventions
[0.544s] -- Added test 'lint_cmake' to check CMake code style
[0.549s] -- Added test 'pep257' to check Python code against some of the docstring style conventions in PEP 257
[0.586s] -- Added test 'uncrustify' to check C / C++ code style
[0.586s] -- Configured uncrustify additional arguments: 
[0.592s] -- Added test 'xmllint' to check XML markup files
[0.594s] -- Configuring done
[0.603s] -- Generating done
[0.604s] -- Build files have been written to: /home/alsnac/Codes/GIT/6DOF_Servo/ROS2-urdf/build/servo6dof
[0.643s] Invoked command in '/home/alsnac/Codes/GIT/6DOF_Servo/ROS2-urdf/build/servo6dof' returned '0': CMAKE_PREFIX_PATH=/opt/ros/humble CONDA_PROMPT_MODIFIER=(base) /usr/bin/cmake --build /home/alsnac/Codes/GIT/6DOF_Servo/ROS2-urdf/build/servo6dof -- -j16 -l16
[0.713s] Invoking command in '/home/alsnac/Codes/GIT/6DOF_Servo/ROS2-urdf/build/servo6dof': CMAKE_PREFIX_PATH=/opt/ros/humble CONDA_PROMPT_MODIFIER=(base) /usr/bin/cmake --install /home/alsnac/Codes/GIT/6DOF_Servo/ROS2-urdf/build/servo6dof
[0.724s] -- Install configuration: ""
[0.724s] -- Installing: /home/alsnac/Codes/GIT/6DOF_Servo/ROS2-urdf/install/servo6dof/share/servo6dof/meshes
[0.725s] -- Installing: /home/alsnac/Codes/GIT/6DOF_Servo/ROS2-urdf/install/servo6dof/share/servo6dof/meshes/manipulator_garra_fixa.stl
[0.729s] -- Installing: /home/alsnac/Codes/GIT/6DOF_Servo/ROS2-urdf/install/servo6dof/share/servo6dof/meshes/basement.stl
[0.733s] -- Installing: /home/alsnac/Codes/GIT/6DOF_Servo/ROS2-urdf/install/servo6dof/share/servo6dof/meshes/manipulator_elo2.stl
[0.735s] -- Installing: /home/alsnac/Codes/GIT/6DOF_Servo/ROS2-urdf/install/servo6dof/share/servo6dof/meshes/manipulator_elo3.stl
[0.740s] -- Installing: /home/alsnac/Codes/GIT/6DOF_Servo/ROS2-urdf/install/servo6dof/share/servo6dof/meshes/manipulator_elo4.stl
[0.741s] -- Installing: /home/alsnac/Codes/GIT/6DOF_Servo/ROS2-urdf/install/servo6dof/share/servo6dof/meshes/manipulator_elo1.stl
[0.743s] -- Installing: /home/alsnac/Codes/GIT/6DOF_Servo/ROS2-urdf/install/servo6dof/share/servo6dof/urdf
[0.743s] -- Installing: /home/alsnac/Codes/GIT/6DOF_Servo/ROS2-urdf/install/servo6dof/share/servo6dof/urdf/servo6dof.urdf.xacro
[0.744s] -- Up-to-date: /home/alsnac/Codes/GIT/6DOF_Servo/ROS2-urdf/install/servo6dof/share/ament_index/resource_index/package_run_dependencies/servo6dof
[0.744s] -- Up-to-date: /home/alsnac/Codes/GIT/6DOF_Servo/ROS2-urdf/install/servo6dof/share/ament_index/resource_index/parent_prefix_path/servo6dof
[0.744s] -- Up-to-date: /home/alsnac/Codes/GIT/6DOF_Servo/ROS2-urdf/install/servo6dof/share/servo6dof/environment/ament_prefix_path.sh
[0.744s] -- Installing: /home/alsnac/Codes/GIT/6DOF_Servo/ROS2-urdf/install/servo6dof/share/servo6dof/environment/ament_prefix_path.dsv
[0.745s] -- Up-to-date: /home/alsnac/Codes/GIT/6DOF_Servo/ROS2-urdf/install/servo6dof/share/servo6dof/environment/path.sh
[0.745s] -- Installing: /home/alsnac/Codes/GIT/6DOF_Servo/ROS2-urdf/install/servo6dof/share/servo6dof/environment/path.dsv
[0.745s] -- Up-to-date: /home/alsnac/Codes/GIT/6DOF_Servo/ROS2-urdf/install/servo6dof/share/servo6dof/local_setup.bash
[0.745s] -- Up-to-date: /home/alsnac/Codes/GIT/6DOF_Servo/ROS2-urdf/install/servo6dof/share/servo6dof/local_setup.sh
[0.745s] -- Up-to-date: /home/alsnac/Codes/GIT/6DOF_Servo/ROS2-urdf/install/servo6dof/share/servo6dof/local_setup.zsh
[0.745s] -- Installing: /home/alsnac/Codes/GIT/6DOF_Servo/ROS2-urdf/install/servo6dof/share/servo6dof/local_setup.dsv
[0.746s] -- Installing: /home/alsnac/Codes/GIT/6DOF_Servo/ROS2-urdf/install/servo6dof/share/servo6dof/package.dsv
[0.746s] -- Up-to-date: /home/alsnac/Codes/GIT/6DOF_Servo/ROS2-urdf/install/servo6dof/share/ament_index/resource_index/packages/servo6dof
[0.746s] -- Up-to-date: /home/alsnac/Codes/GIT/6DOF_Servo/ROS2-urdf/install/servo6dof/share/servo6dof/cmake/servo6dofConfig.cmake
[0.746s] -- Up-to-date: /home/alsnac/Codes/GIT/6DOF_Servo/ROS2-urdf/install/servo6dof/share/servo6dof/cmake/servo6dofConfig-version.cmake
[0.746s] -- Up-to-date: /home/alsnac/Codes/GIT/6DOF_Servo/ROS2-urdf/install/servo6dof/share/servo6dof/package.xml
[0.750s] Invoked command in '/home/alsnac/Codes/GIT/6DOF_Servo/ROS2-urdf/build/servo6dof' returned '0': CMAKE_PREFIX_PATH=/opt/ros/humble CONDA_PROMPT_MODIFIER=(base) /usr/bin/cmake --install /home/alsnac/Codes/GIT/6DOF_Servo/ROS2-urdf/build/servo6dof
