[0.096s] DEBUG:colcon:Command line arguments: ['/usr/bin/colcon', 'build']
[0.096s] DEBUG:colcon:Parsed command line arguments: Namespace(log_base=None, log_level=None, verb_name='build', build_base='build', install_base='install', merge_install=False, symlink_install=False, test_result_base=None, continue_on_error=False, executor='parallel', parallel_workers=16, event_handlers=None, ignore_user_meta=False, metas=['./colcon.meta'], base_paths=['.'], packages_ignore=None, packages_ignore_regex=None, paths=None, packages_up_to=None, packages_up_to_regex=None, packages_above=None, packages_above_and_dependencies=None, packages_above_depth=None, packages_select_by_dep=None, packages_skip_by_dep=None, packages_skip_up_to=None, packages_select_build_failed=False, packages_skip_build_finished=False, packages_select_test_failures=False, packages_skip_test_passed=False, packages_select=None, packages_skip=None, packages_select_regex=None, packages_skip_regex=None, packages_start=None, packages_end=None, allow_overriding=[], cmake_args=None, cmake_target=None, cmake_target_skip_unavailable=False, cmake_clean_cache=False, cmake_clean_first=False, cmake_force_configure=False, ament_cmake_args=None, catkin_cmake_args=None, catkin_skip_building_tests=False, mixin_files=None, mixin=None, verb_parser=<colcon_mixin.mixin.mixin_argument.MixinArgumentDecorator object at 0x75bb9149b3d0>, verb_extension=<colcon_core.verb.build.BuildVerb object at 0x75bb9159ba60>, main=<bound method BuildVerb.main of <colcon_core.verb.build.BuildVerb object at 0x75bb9159ba60>>, mixin_verb=('build',))
[0.334s] Level 1:colcon.colcon_core.package_discovery:discover_packages(colcon_meta) check parameters
[0.334s] Level 1:colcon.colcon_core.package_discovery:discover_packages(recursive) check parameters
[0.334s] Level 1:colcon.colcon_core.package_discovery:discover_packages(ignore) check parameters
[0.334s] Level 1:colcon.colcon_core.package_discovery:discover_packages(path) check parameters
[0.334s] Level 1:colcon.colcon_core.package_discovery:discover_packages(colcon_meta) discover
[0.334s] Level 1:colcon.colcon_core.package_discovery:discover_packages(recursive) discover
[0.334s] INFO:colcon.colcon_core.package_discovery:Crawling recursively for packages in '/home/alsnac/Codes/GIT/6DOF_Servo/ROS2-urdf/servo6dof'
[0.334s] Level 1:colcon.colcon_core.package_identification:_identify(.) by extensions ['ignore', 'ignore_ament_install']
[0.334s] Level 1:colcon.colcon_core.package_identification:_identify(.) by extension 'ignore'
[0.334s] Level 1:colcon.colcon_core.package_identification:_identify(.) by extension 'ignore_ament_install'
[0.334s] Level 1:colcon.colcon_core.package_identification:_identify(.) by extensions ['colcon_pkg']
[0.334s] Level 1:colcon.colcon_core.package_identification:_identify(.) by extension 'colcon_pkg'
[0.334s] Level 1:colcon.colcon_core.package_identification:_identify(.) by extensions ['colcon_meta']
[0.334s] Level 1:colcon.colcon_core.package_identification:_identify(.) by extension 'colcon_meta'
[0.334s] Level 1:colcon.colcon_core.package_identification:_identify(.) by extensions ['ros']
[0.334s] Level 1:colcon.colcon_core.package_identification:_identify(.) by extension 'ros'
[0.355s] DEBUG:colcon.colcon_core.package_identification:Package '.' with type 'ros.ament_cmake' and name 'servo6dof'
[0.355s] Level 1:colcon.colcon_core.package_discovery:discover_packages(recursive) using defaults
[0.355s] Level 1:colcon.colcon_core.package_discovery:discover_packages(ignore) discover
[0.355s] Level 1:colcon.colcon_core.package_discovery:discover_packages(ignore) using defaults
[0.355s] Level 1:colcon.colcon_core.package_discovery:discover_packages(path) discover
[0.355s] Level 1:colcon.colcon_core.package_discovery:discover_packages(path) using defaults
[0.370s] Level 1:colcon.colcon_core.package_discovery:discover_packages(prefix_path) check parameters
[0.370s] Level 1:colcon.colcon_core.package_discovery:discover_packages(prefix_path) discover
[0.373s] DEBUG:colcon.colcon_installed_package_information.package_discovery:Found 386 installed packages in /opt/ros/humble
[0.374s] Level 1:colcon.colcon_core.package_discovery:discover_packages(prefix_path) using defaults
[0.411s] Level 5:colcon.colcon_core.verb:set package 'servo6dof' build argument 'cmake_args' from command line to 'None'
[0.411s] Level 5:colcon.colcon_core.verb:set package 'servo6dof' build argument 'cmake_target' from command line to 'None'
[0.411s] Level 5:colcon.colcon_core.verb:set package 'servo6dof' build argument 'cmake_target_skip_unavailable' from command line to 'False'
[0.411s] Level 5:colcon.colcon_core.verb:set package 'servo6dof' build argument 'cmake_clean_cache' from command line to 'False'
[0.411s] Level 5:colcon.colcon_core.verb:set package 'servo6dof' build argument 'cmake_clean_first' from command line to 'False'
[0.411s] Level 5:colcon.colcon_core.verb:set package 'servo6dof' build argument 'cmake_force_configure' from command line to 'False'
[0.411s] Level 5:colcon.colcon_core.verb:set package 'servo6dof' build argument 'ament_cmake_args' from command line to 'None'
[0.411s] Level 5:colcon.colcon_core.verb:set package 'servo6dof' build argument 'catkin_cmake_args' from command line to 'None'
[0.411s] Level 5:colcon.colcon_core.verb:set package 'servo6dof' build argument 'catkin_skip_building_tests' from command line to 'False'
[0.411s] DEBUG:colcon.colcon_core.verb:Building package 'servo6dof' with the following arguments: {'ament_cmake_args': None, 'build_base': '/home/alsnac/Codes/GIT/6DOF_Servo/ROS2-urdf/servo6dof/build/servo6dof', 'catkin_cmake_args': None, 'catkin_skip_building_tests': False, 'cmake_args': None, 'cmake_clean_cache': False, 'cmake_clean_first': False, 'cmake_force_configure': False, 'cmake_target': None, 'cmake_target_skip_unavailable': False, 'install_base': '/home/alsnac/Codes/GIT/6DOF_Servo/ROS2-urdf/servo6dof/install/servo6dof', 'merge_install': False, 'path': '/home/alsnac/Codes/GIT/6DOF_Servo/ROS2-urdf/servo6dof', 'symlink_install': False, 'test_result_base': None}
[0.411s] INFO:colcon.colcon_core.executor:Executing jobs using 'parallel' executor
[0.412s] DEBUG:colcon.colcon_parallel_executor.executor.parallel:run_until_complete
[0.412s] INFO:colcon.colcon_ros.task.ament_cmake.build:Building ROS package in '/home/alsnac/Codes/GIT/6DOF_Servo/ROS2-urdf/servo6dof' with build type 'ament_cmake'
[0.412s] INFO:colcon.colcon_cmake.task.cmake.build:Building CMake package in '/home/alsnac/Codes/GIT/6DOF_Servo/ROS2-urdf/servo6dof'
[0.414s] INFO:colcon.colcon_core.plugin_system:Skipping extension 'colcon_core.shell.bat': Not used on non-Windows systems
[0.414s] INFO:colcon.colcon_core.shell:Skip shell extension 'powershell' for command environment: Not usable outside of PowerShell
[0.414s] DEBUG:colcon.colcon_core.shell:Skip shell extension 'dsv' for command environment
[0.426s] DEBUG:colcon.colcon_core.event_handler.log_command:Invoking command in '/home/alsnac/Codes/GIT/6DOF_Servo/ROS2-urdf/servo6dof/build/servo6dof': CMAKE_PREFIX_PATH=/opt/ros/humble CONDA_PROMPT_MODIFIER=(base) /usr/bin/cmake --build /home/alsnac/Codes/GIT/6DOF_Servo/ROS2-urdf/servo6dof/build/servo6dof -- -j16 -l16
[0.468s] DEBUG:colcon.colcon_core.event_handler.log_command:Invoked command in '/home/alsnac/Codes/GIT/6DOF_Servo/ROS2-urdf/servo6dof/build/servo6dof' returned '0': CMAKE_PREFIX_PATH=/opt/ros/humble CONDA_PROMPT_MODIFIER=(base) /usr/bin/cmake --build /home/alsnac/Codes/GIT/6DOF_Servo/ROS2-urdf/servo6dof/build/servo6dof -- -j16 -l16
[0.505s] DEBUG:colcon.colcon_core.event_handler.log_command:Invoking command in '/home/alsnac/Codes/GIT/6DOF_Servo/ROS2-urdf/servo6dof/build/servo6dof': CMAKE_PREFIX_PATH=/opt/ros/humble CONDA_PROMPT_MODIFIER=(base) /usr/bin/cmake --install /home/alsnac/Codes/GIT/6DOF_Servo/ROS2-urdf/servo6dof/build/servo6dof
[0.516s] Level 1:colcon.colcon_core.environment:create_environment_scripts_only(servo6dof)
[0.516s] DEBUG:colcon.colcon_core.event_handler.log_command:Invoked command in '/home/alsnac/Codes/GIT/6DOF_Servo/ROS2-urdf/servo6dof/build/servo6dof' returned '0': CMAKE_PREFIX_PATH=/opt/ros/humble CONDA_PROMPT_MODIFIER=(base) /usr/bin/cmake --install /home/alsnac/Codes/GIT/6DOF_Servo/ROS2-urdf/servo6dof/build/servo6dof
[0.518s] Level 1:colcon.colcon_core.environment:checking '/home/alsnac/Codes/GIT/6DOF_Servo/ROS2-urdf/servo6dof/install/servo6dof' for CMake module files
[0.519s] Level 1:colcon.colcon_core.environment:checking '/home/alsnac/Codes/GIT/6DOF_Servo/ROS2-urdf/servo6dof/install/servo6dof' for CMake config files
[0.519s] Level 1:colcon.colcon_core.shell:create_environment_hook('servo6dof', 'cmake_prefix_path')
[0.519s] INFO:colcon.colcon_core.shell:Creating environment hook '/home/alsnac/Codes/GIT/6DOF_Servo/ROS2-urdf/servo6dof/install/servo6dof/share/servo6dof/hook/cmake_prefix_path.ps1'
[0.519s] INFO:colcon.colcon_core.shell:Creating environment descriptor '/home/alsnac/Codes/GIT/6DOF_Servo/ROS2-urdf/servo6dof/install/servo6dof/share/servo6dof/hook/cmake_prefix_path.dsv'
[0.520s] INFO:colcon.colcon_core.shell:Creating environment hook '/home/alsnac/Codes/GIT/6DOF_Servo/ROS2-urdf/servo6dof/install/servo6dof/share/servo6dof/hook/cmake_prefix_path.sh'
[0.520s] Level 1:colcon.colcon_core.environment:checking '/home/alsnac/Codes/GIT/6DOF_Servo/ROS2-urdf/servo6dof/install/servo6dof/bin'
[0.520s] Level 1:colcon.colcon_core.environment:checking '/home/alsnac/Codes/GIT/6DOF_Servo/ROS2-urdf/servo6dof/install/servo6dof/lib/pkgconfig/servo6dof.pc'
[0.521s] Level 1:colcon.colcon_core.environment:checking '/home/alsnac/Codes/GIT/6DOF_Servo/ROS2-urdf/servo6dof/install/servo6dof/lib/python3.10/site-packages'
[0.521s] Level 1:colcon.colcon_core.environment:checking '/home/alsnac/Codes/GIT/6DOF_Servo/ROS2-urdf/servo6dof/install/servo6dof/bin'
[0.522s] INFO:colcon.colcon_core.shell:Creating package script '/home/alsnac/Codes/GIT/6DOF_Servo/ROS2-urdf/servo6dof/install/servo6dof/share/servo6dof/package.ps1'
[0.522s] INFO:colcon.colcon_core.shell:Creating package descriptor '/home/alsnac/Codes/GIT/6DOF_Servo/ROS2-urdf/servo6dof/install/servo6dof/share/servo6dof/package.dsv'
[0.523s] INFO:colcon.colcon_core.shell:Creating package script '/home/alsnac/Codes/GIT/6DOF_Servo/ROS2-urdf/servo6dof/install/servo6dof/share/servo6dof/package.sh'
[0.523s] INFO:colcon.colcon_core.shell:Creating package script '/home/alsnac/Codes/GIT/6DOF_Servo/ROS2-urdf/servo6dof/install/servo6dof/share/servo6dof/package.bash'
[0.524s] INFO:colcon.colcon_core.shell:Creating package script '/home/alsnac/Codes/GIT/6DOF_Servo/ROS2-urdf/servo6dof/install/servo6dof/share/servo6dof/package.zsh'
[0.524s] Level 1:colcon.colcon_core.environment:create_file_with_runtime_dependencies(/home/alsnac/Codes/GIT/6DOF_Servo/ROS2-urdf/servo6dof/install/servo6dof/share/colcon-core/packages/servo6dof)
[0.555s] Level 1:colcon.colcon_core.environment:create_environment_scripts_only(servo6dof)
[0.556s] Level 1:colcon.colcon_core.environment:checking '/home/alsnac/Codes/GIT/6DOF_Servo/ROS2-urdf/servo6dof/install/servo6dof' for CMake module files
[0.556s] Level 1:colcon.colcon_core.environment:checking '/home/alsnac/Codes/GIT/6DOF_Servo/ROS2-urdf/servo6dof/install/servo6dof' for CMake config files
[0.557s] Level 1:colcon.colcon_core.shell:create_environment_hook('servo6dof', 'cmake_prefix_path')
[0.557s] INFO:colcon.colcon_core.shell:Creating environment hook '/home/alsnac/Codes/GIT/6DOF_Servo/ROS2-urdf/servo6dof/install/servo6dof/share/servo6dof/hook/cmake_prefix_path.ps1'
[0.557s] INFO:colcon.colcon_core.shell:Creating environment descriptor '/home/alsnac/Codes/GIT/6DOF_Servo/ROS2-urdf/servo6dof/install/servo6dof/share/servo6dof/hook/cmake_prefix_path.dsv'
[0.557s] INFO:colcon.colcon_core.shell:Creating environment hook '/home/alsnac/Codes/GIT/6DOF_Servo/ROS2-urdf/servo6dof/install/servo6dof/share/servo6dof/hook/cmake_prefix_path.sh'
[0.558s] Level 1:colcon.colcon_core.environment:checking '/home/alsnac/Codes/GIT/6DOF_Servo/ROS2-urdf/servo6dof/install/servo6dof/bin'
[0.558s] Level 1:colcon.colcon_core.environment:checking '/home/alsnac/Codes/GIT/6DOF_Servo/ROS2-urdf/servo6dof/install/servo6dof/lib/pkgconfig/servo6dof.pc'
[0.558s] Level 1:colcon.colcon_core.environment:checking '/home/alsnac/Codes/GIT/6DOF_Servo/ROS2-urdf/servo6dof/install/servo6dof/lib/python3.10/site-packages'
[0.558s] Level 1:colcon.colcon_core.environment:checking '/home/alsnac/Codes/GIT/6DOF_Servo/ROS2-urdf/servo6dof/install/servo6dof/bin'
[0.558s] INFO:colcon.colcon_core.shell:Creating package script '/home/alsnac/Codes/GIT/6DOF_Servo/ROS2-urdf/servo6dof/install/servo6dof/share/servo6dof/package.ps1'
[0.559s] INFO:colcon.colcon_core.shell:Creating package descriptor '/home/alsnac/Codes/GIT/6DOF_Servo/ROS2-urdf/servo6dof/install/servo6dof/share/servo6dof/package.dsv'
[0.559s] INFO:colcon.colcon_core.shell:Creating package script '/home/alsnac/Codes/GIT/6DOF_Servo/ROS2-urdf/servo6dof/install/servo6dof/share/servo6dof/package.sh'
[0.559s] INFO:colcon.colcon_core.shell:Creating package script '/home/alsnac/Codes/GIT/6DOF_Servo/ROS2-urdf/servo6dof/install/servo6dof/share/servo6dof/package.bash'
[0.560s] INFO:colcon.colcon_core.shell:Creating package script '/home/alsnac/Codes/GIT/6DOF_Servo/ROS2-urdf/servo6dof/install/servo6dof/share/servo6dof/package.zsh'
[0.560s] Level 1:colcon.colcon_core.environment:create_file_with_runtime_dependencies(/home/alsnac/Codes/GIT/6DOF_Servo/ROS2-urdf/servo6dof/install/servo6dof/share/colcon-core/packages/servo6dof)
[0.560s] DEBUG:colcon.colcon_parallel_executor.executor.parallel:closing loop
[0.560s] DEBUG:colcon.colcon_parallel_executor.executor.parallel:loop closed
[0.561s] DEBUG:colcon.colcon_parallel_executor.executor.parallel:run_until_complete finished with '0'
[0.561s] DEBUG:colcon.colcon_core.event_reactor:joining thread
[0.565s] INFO:colcon.colcon_core.plugin_system:Skipping extension 'colcon_notification.desktop_notification.terminal_notifier': Not used on non-Darwin systems
[0.565s] INFO:colcon.colcon_core.plugin_system:Skipping extension 'colcon_notification.desktop_notification.win32': Not used on non-Windows systems
[0.565s] INFO:colcon.colcon_notification.desktop_notification:Sending desktop notification using 'notify2'
[0.589s] DEBUG:colcon.colcon_core.event_reactor:joined thread
[0.589s] INFO:colcon.colcon_core.shell:Creating prefix script '/home/alsnac/Codes/GIT/6DOF_Servo/ROS2-urdf/servo6dof/install/local_setup.ps1'
[0.591s] INFO:colcon.colcon_core.shell:Creating prefix util module '/home/alsnac/Codes/GIT/6DOF_Servo/ROS2-urdf/servo6dof/install/_local_setup_util_ps1.py'
[0.592s] INFO:colcon.colcon_core.shell:Creating prefix chain script '/home/alsnac/Codes/GIT/6DOF_Servo/ROS2-urdf/servo6dof/install/setup.ps1'
[0.593s] INFO:colcon.colcon_core.shell:Creating prefix script '/home/alsnac/Codes/GIT/6DOF_Servo/ROS2-urdf/servo6dof/install/local_setup.sh'
[0.594s] INFO:colcon.colcon_core.shell:Creating prefix util module '/home/alsnac/Codes/GIT/6DOF_Servo/ROS2-urdf/servo6dof/install/_local_setup_util_sh.py'
[0.594s] INFO:colcon.colcon_core.shell:Creating prefix chain script '/home/alsnac/Codes/GIT/6DOF_Servo/ROS2-urdf/servo6dof/install/setup.sh'
[0.595s] INFO:colcon.colcon_core.shell:Creating prefix script '/home/alsnac/Codes/GIT/6DOF_Servo/ROS2-urdf/servo6dof/install/local_setup.bash'
[0.595s] INFO:colcon.colcon_core.shell:Creating prefix chain script '/home/alsnac/Codes/GIT/6DOF_Servo/ROS2-urdf/servo6dof/install/setup.bash'
[0.596s] INFO:colcon.colcon_core.shell:Creating prefix script '/home/alsnac/Codes/GIT/6DOF_Servo/ROS2-urdf/servo6dof/install/local_setup.zsh'
[0.597s] INFO:colcon.colcon_core.shell:Creating prefix chain script '/home/alsnac/Codes/GIT/6DOF_Servo/ROS2-urdf/servo6dof/install/setup.zsh'
