[0.010s] Invoking command in '/home/alsnac/Codes/GIT/6DOF_Servo/servo6dof/build/servo6dof_description': CMAKE_PREFIX_PATH=/opt/ros/humble /usr/bin/cmake /home/alsnac/Codes/GIT/6DOF_Servo/servo6dof/servo6dof_description -DCMAKE_INSTALL_PREFIX=/home/alsnac/Codes/GIT/6DOF_Servo/servo6dof/install/servo6dof_description
[0.107s] -- The C compiler identification is GNU 11.4.0
[0.203s] -- The CXX compiler identification is GNU 11.4.0
[0.213s] -- Detecting C compiler ABI info
[0.287s] -- Detecting C compiler ABI info - done
[0.294s] -- Check for working C compiler: /usr/bin/cc - skipped
[0.294s] -- Detecting C compile features
[0.295s] -- Detecting C compile features - done
[0.298s] -- Detecting CXX compiler ABI info
[0.384s] -- Detecting CXX compiler ABI info - done
[0.392s] -- Check for working CXX compiler: /usr/bin/c++ - skipped
[0.392s] -- Detecting CXX compile features
[0.392s] -- Detecting CXX compile features - done
[0.396s] -- Found ament_cmake: 1.3.10 (/opt/ros/humble/share/ament_cmake/cmake)
[0.539s] -- Found Python3: /usr/bin/python3 (found version "3.10.12") found components: Interpreter 
[0.630s] -- Found ament_lint_auto: 0.12.11 (/opt/ros/humble/share/ament_lint_auto/cmake)
[0.711s] -- Added test 'lint_cmake' to check CMake code style
[0.713s] -- Added test 'xmllint' to check XML markup files
[0.714s] -- Configuring done
[0.717s] -- Generating done
[0.718s] -- Build files have been written to: /home/alsnac/Codes/GIT/6DOF_Servo/servo6dof/build/servo6dof_description
[0.723s] Invoked command in '/home/alsnac/Codes/GIT/6DOF_Servo/servo6dof/build/servo6dof_description' returned '0': CMAKE_PREFIX_PATH=/opt/ros/humble /usr/bin/cmake /home/alsnac/Codes/GIT/6DOF_Servo/servo6dof/servo6dof_description -DCMAKE_INSTALL_PREFIX=/home/alsnac/Codes/GIT/6DOF_Servo/servo6dof/install/servo6dof_description
[0.726s] Invoking command in '/home/alsnac/Codes/GIT/6DOF_Servo/servo6dof/build/servo6dof_description': CMAKE_PREFIX_PATH=/opt/ros/humble /usr/bin/cmake --build /home/alsnac/Codes/GIT/6DOF_Servo/servo6dof/build/servo6dof_description -- -j16 -l16
[0.768s] Invoked command in '/home/alsnac/Codes/GIT/6DOF_Servo/servo6dof/build/servo6dof_description' returned '0': CMAKE_PREFIX_PATH=/opt/ros/humble /usr/bin/cmake --build /home/alsnac/Codes/GIT/6DOF_Servo/servo6dof/build/servo6dof_description -- -j16 -l16
[0.806s] Invoking command in '/home/alsnac/Codes/GIT/6DOF_Servo/servo6dof/build/servo6dof_description': CMAKE_PREFIX_PATH=/opt/ros/humble /usr/bin/cmake --install /home/alsnac/Codes/GIT/6DOF_Servo/servo6dof/build/servo6dof_description
[0.814s] -- Install configuration: ""
[0.814s] -- Installing: /home/alsnac/Codes/GIT/6DOF_Servo/servo6dof/install/servo6dof_description/share/ament_index/resource_index/package_run_dependencies/servo6dof_description
[0.814s] -- Installing: /home/alsnac/Codes/GIT/6DOF_Servo/servo6dof/install/servo6dof_description/share/ament_index/resource_index/parent_prefix_path/servo6dof_description
[0.814s] -- Installing: /home/alsnac/Codes/GIT/6DOF_Servo/servo6dof/install/servo6dof_description/share/servo6dof_description/environment/ament_prefix_path.sh
[0.815s] -- Installing: /home/alsnac/Codes/GIT/6DOF_Servo/servo6dof/install/servo6dof_description/share/servo6dof_description/environment/ament_prefix_path.dsv
[0.815s] -- Installing: /home/alsnac/Codes/GIT/6DOF_Servo/servo6dof/install/servo6dof_description/share/servo6dof_description/environment/path.sh
[0.815s] -- Installing: /home/alsnac/Codes/GIT/6DOF_Servo/servo6dof/install/servo6dof_description/share/servo6dof_description/environment/path.dsv
[0.815s] -- Installing: /home/alsnac/Codes/GIT/6DOF_Servo/servo6dof/install/servo6dof_description/share/servo6dof_description/local_setup.bash
[0.815s] -- Installing: /home/alsnac/Codes/GIT/6DOF_Servo/servo6dof/install/servo6dof_description/share/servo6dof_description/local_setup.sh
[0.815s] -- Installing: /home/alsnac/Codes/GIT/6DOF_Servo/servo6dof/install/servo6dof_description/share/servo6dof_description/local_setup.zsh
[0.816s] -- Installing: /home/alsnac/Codes/GIT/6DOF_Servo/servo6dof/install/servo6dof_description/share/servo6dof_description/local_setup.dsv
[0.816s] -- Installing: /home/alsnac/Codes/GIT/6DOF_Servo/servo6dof/install/servo6dof_description/share/servo6dof_description/package.dsv
[0.816s] -- Installing: /home/alsnac/Codes/GIT/6DOF_Servo/servo6dof/install/servo6dof_description/share/ament_index/resource_index/packages/servo6dof_description
[0.816s] -- Installing: /home/alsnac/Codes/GIT/6DOF_Servo/servo6dof/install/servo6dof_description/share/servo6dof_description/cmake/servo6dof_descriptionConfig.cmake
[0.816s] -- Installing: /home/alsnac/Codes/GIT/6DOF_Servo/servo6dof/install/servo6dof_description/share/servo6dof_description/cmake/servo6dof_descriptionConfig-version.cmake
[0.816s] -- Installing: /home/alsnac/Codes/GIT/6DOF_Servo/servo6dof/install/servo6dof_description/share/servo6dof_description/package.xml
[0.819s] Invoked command in '/home/alsnac/Codes/GIT/6DOF_Servo/servo6dof/build/servo6dof_description' returned '0': CMAKE_PREFIX_PATH=/opt/ros/humble /usr/bin/cmake --install /home/alsnac/Codes/GIT/6DOF_Servo/servo6dof/build/servo6dof_description
