[0.011s] Invoking command in '/home/alsnac/Codes/GIT/6DOF_Servo/ROS2-urdf/servo6dof/build/servo6dof': CMAKE_PREFIX_PATH=/opt/ros/humble CONDA_PROMPT_MODIFIER=(base) /usr/bin/cmake /home/alsnac/Codes/GIT/6DOF_Servo/ROS2-urdf/servo6dof -DCMAKE_INSTALL_PREFIX=/home/alsnac/Codes/GIT/6DOF_Servo/ROS2-urdf/servo6dof/install/servo6dof
[0.021s] -- Found ament_cmake: 1.3.9 (/opt/ros/humble/share/ament_cmake/cmake)
[0.138s] -- Found ament_lint_auto: 0.12.11 (/opt/ros/humble/share/ament_lint_auto/cmake)
[0.230s] -- Added test 'cppcheck' to perform static code analysis on C / C++ code
[0.230s] -- Configured cppcheck include dirs: 
[0.230s] -- Configured cppcheck exclude dirs and/or files: 
[0.232s] -- Added test 'flake8' to check Python code syntax and style conventions
[0.233s] -- Added test 'lint_cmake' to check CMake code style
[0.235s] -- Added test 'pep257' to check Python code against some of the docstring style conventions in PEP 257
[0.242s] -- Added test 'uncrustify' to check C / C++ code style
[0.242s] -- Configured uncrustify additional arguments: 
[0.243s] -- Added test 'xmllint' to check XML markup files
[0.244s] -- Configuring done
[0.247s] -- Generating done
[0.248s] -- Build files have been written to: /home/alsnac/Codes/GIT/6DOF_Servo/ROS2-urdf/servo6dof/build/servo6dof
[0.251s] Invoked command in '/home/alsnac/Codes/GIT/6DOF_Servo/ROS2-urdf/servo6dof/build/servo6dof' returned '0': CMAKE_PREFIX_PATH=/opt/ros/humble CONDA_PROMPT_MODIFIER=(base) /usr/bin/cmake /home/alsnac/Codes/GIT/6DOF_Servo/ROS2-urdf/servo6dof -DCMAKE_INSTALL_PREFIX=/home/alsnac/Codes/GIT/6DOF_Servo/ROS2-urdf/servo6dof/install/servo6dof
[0.253s] Invoking command in '/home/alsnac/Codes/GIT/6DOF_Servo/ROS2-urdf/servo6dof/build/servo6dof': CMAKE_PREFIX_PATH=/opt/ros/humble CONDA_PROMPT_MODIFIER=(base) /usr/bin/cmake --build /home/alsnac/Codes/GIT/6DOF_Servo/ROS2-urdf/servo6dof/build/servo6dof -- -j16 -l16
[0.295s] Invoked command in '/home/alsnac/Codes/GIT/6DOF_Servo/ROS2-urdf/servo6dof/build/servo6dof' returned '0': CMAKE_PREFIX_PATH=/opt/ros/humble CONDA_PROMPT_MODIFIER=(base) /usr/bin/cmake --build /home/alsnac/Codes/GIT/6DOF_Servo/ROS2-urdf/servo6dof/build/servo6dof -- -j16 -l16
[0.336s] Invoking command in '/home/alsnac/Codes/GIT/6DOF_Servo/ROS2-urdf/servo6dof/build/servo6dof': CMAKE_PREFIX_PATH=/opt/ros/humble CONDA_PROMPT_MODIFIER=(base) /usr/bin/cmake --install /home/alsnac/Codes/GIT/6DOF_Servo/ROS2-urdf/servo6dof/build/servo6dof
[0.343s] -- Install configuration: ""
[0.344s] -- Installing: /home/alsnac/Codes/GIT/6DOF_Servo/ROS2-urdf/servo6dof/install/servo6dof/share/servo6dof/meshes
[0.344s] -- Installing: /home/alsnac/Codes/GIT/6DOF_Servo/ROS2-urdf/servo6dof/install/servo6dof/share/servo6dof/meshes/manipulator_garra_fixa.stl
[0.344s] -- Installing: /home/alsnac/Codes/GIT/6DOF_Servo/ROS2-urdf/servo6dof/install/servo6dof/share/servo6dof/meshes/basement.stl
[0.346s] -- Installing: /home/alsnac/Codes/GIT/6DOF_Servo/ROS2-urdf/servo6dof/install/servo6dof/share/servo6dof/meshes/manipulator_elo2.stl
[0.347s] -- Installing: /home/alsnac/Codes/GIT/6DOF_Servo/ROS2-urdf/servo6dof/install/servo6dof/share/servo6dof/meshes/manipulator_elo3.stl
[0.349s] -- Installing: /home/alsnac/Codes/GIT/6DOF_Servo/ROS2-urdf/servo6dof/install/servo6dof/share/servo6dof/meshes/manipulator_elo4.stl
[0.350s] -- Installing: /home/alsnac/Codes/GIT/6DOF_Servo/ROS2-urdf/servo6dof/install/servo6dof/share/servo6dof/meshes/manipulator_elo1.stl
[0.351s] -- Installing: /home/alsnac/Codes/GIT/6DOF_Servo/ROS2-urdf/servo6dof/install/servo6dof/share/servo6dof/urdf
[0.351s] -- Installing: /home/alsnac/Codes/GIT/6DOF_Servo/ROS2-urdf/servo6dof/install/servo6dof/share/servo6dof/urdf/servo6dof.urdf.xacro
[0.351s] -- Installing: /home/alsnac/Codes/GIT/6DOF_Servo/ROS2-urdf/servo6dof/install/servo6dof/share/ament_index/resource_index/package_run_dependencies/servo6dof
[0.351s] -- Installing: /home/alsnac/Codes/GIT/6DOF_Servo/ROS2-urdf/servo6dof/install/servo6dof/share/ament_index/resource_index/parent_prefix_path/servo6dof
[0.352s] -- Installing: /home/alsnac/Codes/GIT/6DOF_Servo/ROS2-urdf/servo6dof/install/servo6dof/share/servo6dof/environment/ament_prefix_path.sh
[0.352s] -- Installing: /home/alsnac/Codes/GIT/6DOF_Servo/ROS2-urdf/servo6dof/install/servo6dof/share/servo6dof/environment/ament_prefix_path.dsv
[0.352s] -- Installing: /home/alsnac/Codes/GIT/6DOF_Servo/ROS2-urdf/servo6dof/install/servo6dof/share/servo6dof/environment/path.sh
[0.352s] -- Installing: /home/alsnac/Codes/GIT/6DOF_Servo/ROS2-urdf/servo6dof/install/servo6dof/share/servo6dof/environment/path.dsv
[0.352s] -- Installing: /home/alsnac/Codes/GIT/6DOF_Servo/ROS2-urdf/servo6dof/install/servo6dof/share/servo6dof/local_setup.bash
[0.352s] -- Installing: /home/alsnac/Codes/GIT/6DOF_Servo/ROS2-urdf/servo6dof/install/servo6dof/share/servo6dof/local_setup.sh
[0.352s] -- Installing: /home/alsnac/Codes/GIT/6DOF_Servo/ROS2-urdf/servo6dof/install/servo6dof/share/servo6dof/local_setup.zsh
[0.353s] -- Installing: /home/alsnac/Codes/GIT/6DOF_Servo/ROS2-urdf/servo6dof/install/servo6dof/share/servo6dof/local_setup.dsv
[0.353s] -- Installing: /home/alsnac/Codes/GIT/6DOF_Servo/ROS2-urdf/servo6dof/install/servo6dof/share/servo6dof/package.dsv
[0.353s] -- Installing: /home/alsnac/Codes/GIT/6DOF_Servo/ROS2-urdf/servo6dof/install/servo6dof/share/ament_index/resource_index/packages/servo6dof
[0.353s] -- Installing: /home/alsnac/Codes/GIT/6DOF_Servo/ROS2-urdf/servo6dof/install/servo6dof/share/servo6dof/cmake/servo6dofConfig.cmake
[0.353s] -- Installing: /home/alsnac/Codes/GIT/6DOF_Servo/ROS2-urdf/servo6dof/install/servo6dof/share/servo6dof/cmake/servo6dofConfig-version.cmake
[0.353s] -- Installing: /home/alsnac/Codes/GIT/6DOF_Servo/ROS2-urdf/servo6dof/install/servo6dof/share/servo6dof/package.xml
[0.356s] Invoked command in '/home/alsnac/Codes/GIT/6DOF_Servo/ROS2-urdf/servo6dof/build/servo6dof' returned '0': CMAKE_PREFIX_PATH=/opt/ros/humble CONDA_PROMPT_MODIFIER=(base) /usr/bin/cmake --install /home/alsnac/Codes/GIT/6DOF_Servo/ROS2-urdf/servo6dof/build/servo6dof
