[0.100s] DEBUG:colcon:Command line arguments: ['/usr/bin/colcon', 'build']
[0.100s] DEBUG:colcon:Parsed command line arguments: Namespace(log_base=None, log_level=None, verb_name='build', build_base='build', install_base='install', merge_install=False, symlink_install=False, test_result_base=None, continue_on_error=False, executor='parallel', parallel_workers=16, event_handlers=None, ignore_user_meta=False, metas=['./colcon.meta'], base_paths=['.'], packages_ignore=None, packages_ignore_regex=None, paths=None, packages_up_to=None, packages_up_to_regex=None, packages_above=None, packages_above_and_dependencies=None, packages_above_depth=None, packages_select_by_dep=None, packages_skip_by_dep=None, packages_skip_up_to=None, packages_select_build_failed=False, packages_skip_build_finished=False, packages_select_test_failures=False, packages_skip_test_passed=False, packages_select=None, packages_skip=None, packages_select_regex=None, packages_skip_regex=None, packages_start=None, packages_end=None, allow_overriding=[], cmake_args=None, cmake_target=None, cmake_target_skip_unavailable=False, cmake_clean_cache=False, cmake_clean_first=False, cmake_force_configure=False, ament_cmake_args=None, catkin_cmake_args=None, catkin_skip_building_tests=False, mixin_files=None, mixin=None, verb_parser=<colcon_mixin.mixin.mixin_argument.MixinArgumentDecorator object at 0x75c05b1a73d0>, verb_extension=<colcon_core.verb.build.BuildVerb object at 0x75c05b2a7a60>, main=<bound method BuildVerb.main of <colcon_core.verb.build.BuildVerb object at 0x75c05b2a7a60>>, mixin_verb=('build',))
[0.344s] Level 1:colcon.colcon_core.package_discovery:discover_packages(colcon_meta) check parameters
[0.345s] Level 1:colcon.colcon_core.package_discovery:discover_packages(recursive) check parameters
[0.345s] Level 1:colcon.colcon_core.package_discovery:discover_packages(ignore) check parameters
[0.345s] Level 1:colcon.colcon_core.package_discovery:discover_packages(path) check parameters
[0.345s] Level 1:colcon.colcon_core.package_discovery:discover_packages(colcon_meta) discover
[0.345s] Level 1:colcon.colcon_core.package_discovery:discover_packages(recursive) discover
[0.345s] INFO:colcon.colcon_core.package_discovery:Crawling recursively for packages in '/home/alsnac/Codes/GIT/6DOF_Servo/ROS2-urdf/servo6dof'
[0.345s] Level 1:colcon.colcon_core.package_identification:_identify(.) by extensions ['ignore', 'ignore_ament_install']
[0.345s] Level 1:colcon.colcon_core.package_identification:_identify(.) by extension 'ignore'
[0.345s] Level 1:colcon.colcon_core.package_identification:_identify(.) by extension 'ignore_ament_install'
[0.345s] Level 1:colcon.colcon_core.package_identification:_identify(.) by extensions ['colcon_pkg']
[0.345s] Level 1:colcon.colcon_core.package_identification:_identify(.) by extension 'colcon_pkg'
[0.345s] Level 1:colcon.colcon_core.package_identification:_identify(.) by extensions ['colcon_meta']
[0.345s] Level 1:colcon.colcon_core.package_identification:_identify(.) by extension 'colcon_meta'
[0.345s] Level 1:colcon.colcon_core.package_identification:_identify(.) by extensions ['ros']
[0.345s] Level 1:colcon.colcon_core.package_identification:_identify(.) by extension 'ros'
[0.369s] DEBUG:colcon.colcon_core.package_identification:Package '.' with type 'ros.ament_cmake' and name 'servo6dof'
[0.369s] Level 1:colcon.colcon_core.package_discovery:discover_packages(recursive) using defaults
[0.369s] Level 1:colcon.colcon_core.package_discovery:discover_packages(ignore) discover
[0.369s] Level 1:colcon.colcon_core.package_discovery:discover_packages(ignore) using defaults
[0.369s] Level 1:colcon.colcon_core.package_discovery:discover_packages(path) discover
[0.369s] Level 1:colcon.colcon_core.package_discovery:discover_packages(path) using defaults
[0.385s] Level 1:colcon.colcon_core.package_discovery:discover_packages(prefix_path) check parameters
[0.385s] Level 1:colcon.colcon_core.package_discovery:discover_packages(prefix_path) discover
[0.387s] DEBUG:colcon.colcon_installed_package_information.package_discovery:Found 384 installed packages in /opt/ros/humble
[0.389s] Level 1:colcon.colcon_core.package_discovery:discover_packages(prefix_path) using defaults
[0.428s] Level 5:colcon.colcon_core.verb:set package 'servo6dof' build argument 'cmake_args' from command line to 'None'
[0.428s] Level 5:colcon.colcon_core.verb:set package 'servo6dof' build argument 'cmake_target' from command line to 'None'
[0.428s] Level 5:colcon.colcon_core.verb:set package 'servo6dof' build argument 'cmake_target_skip_unavailable' from command line to 'False'
[0.428s] Level 5:colcon.colcon_core.verb:set package 'servo6dof' build argument 'cmake_clean_cache' from command line to 'False'
[0.428s] Level 5:colcon.colcon_core.verb:set package 'servo6dof' build argument 'cmake_clean_first' from command line to 'False'
[0.428s] Level 5:colcon.colcon_core.verb:set package 'servo6dof' build argument 'cmake_force_configure' from command line to 'False'
[0.428s] Level 5:colcon.colcon_core.verb:set package 'servo6dof' build argument 'ament_cmake_args' from command line to 'None'
[0.428s] Level 5:colcon.colcon_core.verb:set package 'servo6dof' build argument 'catkin_cmake_args' from command line to 'None'
[0.428s] Level 5:colcon.colcon_core.verb:set package 'servo6dof' build argument 'catkin_skip_building_tests' from command line to 'False'
[0.428s] DEBUG:colcon.colcon_core.verb:Building package 'servo6dof' with the following arguments: {'ament_cmake_args': None, 'build_base': '/home/alsnac/Codes/GIT/6DOF_Servo/ROS2-urdf/servo6dof/build/servo6dof', 'catkin_cmake_args': None, 'catkin_skip_building_tests': False, 'cmake_args': None, 'cmake_clean_cache': False, 'cmake_clean_first': False, 'cmake_force_configure': False, 'cmake_target': None, 'cmake_target_skip_unavailable': False, 'install_base': '/home/alsnac/Codes/GIT/6DOF_Servo/ROS2-urdf/servo6dof/install/servo6dof', 'merge_install': False, 'path': '/home/alsnac/Codes/GIT/6DOF_Servo/ROS2-urdf/servo6dof', 'symlink_install': False, 'test_result_base': None}
[0.428s] INFO:colcon.colcon_core.executor:Executing jobs using 'parallel' executor
[0.429s] DEBUG:colcon.colcon_parallel_executor.executor.parallel:run_until_complete
[0.429s] INFO:colcon.colcon_ros.task.ament_cmake.build:Building ROS package in '/home/alsnac/Codes/GIT/6DOF_Servo/ROS2-urdf/servo6dof' with build type 'ament_cmake'
[0.429s] INFO:colcon.colcon_cmake.task.cmake.build:Building CMake package in '/home/alsnac/Codes/GIT/6DOF_Servo/ROS2-urdf/servo6dof'
[0.432s] INFO:colcon.colcon_core.plugin_system:Skipping extension 'colcon_core.shell.bat': Not used on non-Windows systems
[0.432s] INFO:colcon.colcon_core.shell:Skip shell extension 'powershell' for command environment: Not usable outside of PowerShell
[0.432s] DEBUG:colcon.colcon_core.shell:Skip shell extension 'dsv' for command environment
[0.444s] DEBUG:colcon.colcon_core.event_handler.log_command:Invoking command in '/home/alsnac/Codes/GIT/6DOF_Servo/ROS2-urdf/servo6dof/build/servo6dof': CMAKE_PREFIX_PATH=/opt/ros/humble CONDA_PROMPT_MODIFIER=(base) /usr/bin/cmake /home/alsnac/Codes/GIT/6DOF_Servo/ROS2-urdf/servo6dof -DCMAKE_INSTALL_PREFIX=/home/alsnac/Codes/GIT/6DOF_Servo/ROS2-urdf/servo6dof/install/servo6dof
[1.199s] DEBUG:colcon.colcon_core.event_handler.log_command:Invoked command in '/home/alsnac/Codes/GIT/6DOF_Servo/ROS2-urdf/servo6dof/build/servo6dof' returned '1': CMAKE_PREFIX_PATH=/opt/ros/humble CONDA_PROMPT_MODIFIER=(base) /usr/bin/cmake /home/alsnac/Codes/GIT/6DOF_Servo/ROS2-urdf/servo6dof -DCMAKE_INSTALL_PREFIX=/home/alsnac/Codes/GIT/6DOF_Servo/ROS2-urdf/servo6dof/install/servo6dof
[1.214s] Level 1:colcon.colcon_core.environment:create_environment_scripts_only(servo6dof)
[1.216s] Level 1:colcon.colcon_core.environment:checking '/home/alsnac/Codes/GIT/6DOF_Servo/ROS2-urdf/servo6dof/install/servo6dof' for CMake module files
[1.216s] Level 1:colcon.colcon_core.environment:checking '/home/alsnac/Codes/GIT/6DOF_Servo/ROS2-urdf/servo6dof/install/servo6dof' for CMake config files
[1.217s] Level 1:colcon.colcon_core.environment:checking '/home/alsnac/Codes/GIT/6DOF_Servo/ROS2-urdf/servo6dof/install/servo6dof/bin'
[1.217s] Level 1:colcon.colcon_core.environment:checking '/home/alsnac/Codes/GIT/6DOF_Servo/ROS2-urdf/servo6dof/install/servo6dof/lib/pkgconfig/servo6dof.pc'
[1.217s] Level 1:colcon.colcon_core.environment:checking '/home/alsnac/Codes/GIT/6DOF_Servo/ROS2-urdf/servo6dof/install/servo6dof/lib/python3.10/site-packages'
[1.217s] Level 1:colcon.colcon_core.environment:checking '/home/alsnac/Codes/GIT/6DOF_Servo/ROS2-urdf/servo6dof/install/servo6dof/bin'
[1.217s] INFO:colcon.colcon_core.shell:Creating package script '/home/alsnac/Codes/GIT/6DOF_Servo/ROS2-urdf/servo6dof/install/servo6dof/share/servo6dof/package.ps1'
[1.218s] INFO:colcon.colcon_core.shell:Creating package descriptor '/home/alsnac/Codes/GIT/6DOF_Servo/ROS2-urdf/servo6dof/install/servo6dof/share/servo6dof/package.dsv'
[1.218s] INFO:colcon.colcon_core.shell:Creating package script '/home/alsnac/Codes/GIT/6DOF_Servo/ROS2-urdf/servo6dof/install/servo6dof/share/servo6dof/package.sh'
[1.218s] INFO:colcon.colcon_core.shell:Creating package script '/home/alsnac/Codes/GIT/6DOF_Servo/ROS2-urdf/servo6dof/install/servo6dof/share/servo6dof/package.bash'
[1.219s] INFO:colcon.colcon_core.shell:Creating package script '/home/alsnac/Codes/GIT/6DOF_Servo/ROS2-urdf/servo6dof/install/servo6dof/share/servo6dof/package.zsh'
[1.219s] Level 1:colcon.colcon_core.environment:create_file_with_runtime_dependencies(/home/alsnac/Codes/GIT/6DOF_Servo/ROS2-urdf/servo6dof/install/servo6dof/share/colcon-core/packages/servo6dof)
[1.230s] DEBUG:colcon.colcon_parallel_executor.executor.parallel:closing loop
[1.230s] DEBUG:colcon.colcon_parallel_executor.executor.parallel:loop closed
[1.230s] DEBUG:colcon.colcon_parallel_executor.executor.parallel:run_until_complete finished with '1'
[1.230s] DEBUG:colcon.colcon_core.event_reactor:joining thread
[1.236s] INFO:colcon.colcon_core.plugin_system:Skipping extension 'colcon_notification.desktop_notification.terminal_notifier': Not used on non-Darwin systems
[1.236s] INFO:colcon.colcon_core.plugin_system:Skipping extension 'colcon_notification.desktop_notification.win32': Not used on non-Windows systems
[1.236s] INFO:colcon.colcon_notification.desktop_notification:Sending desktop notification using 'notify2'
[1.262s] DEBUG:colcon.colcon_core.event_reactor:joined thread
[1.263s] INFO:colcon.colcon_core.shell:Creating prefix script '/home/alsnac/Codes/GIT/6DOF_Servo/ROS2-urdf/servo6dof/install/local_setup.ps1'
[1.263s] INFO:colcon.colcon_core.shell:Creating prefix util module '/home/alsnac/Codes/GIT/6DOF_Servo/ROS2-urdf/servo6dof/install/_local_setup_util_ps1.py'
[1.265s] INFO:colcon.colcon_core.shell:Creating prefix chain script '/home/alsnac/Codes/GIT/6DOF_Servo/ROS2-urdf/servo6dof/install/setup.ps1'
[1.265s] INFO:colcon.colcon_core.shell:Creating prefix script '/home/alsnac/Codes/GIT/6DOF_Servo/ROS2-urdf/servo6dof/install/local_setup.sh'
[1.266s] INFO:colcon.colcon_core.shell:Creating prefix util module '/home/alsnac/Codes/GIT/6DOF_Servo/ROS2-urdf/servo6dof/install/_local_setup_util_sh.py'
[1.266s] INFO:colcon.colcon_core.shell:Creating prefix chain script '/home/alsnac/Codes/GIT/6DOF_Servo/ROS2-urdf/servo6dof/install/setup.sh'
[1.267s] INFO:colcon.colcon_core.shell:Creating prefix script '/home/alsnac/Codes/GIT/6DOF_Servo/ROS2-urdf/servo6dof/install/local_setup.bash'
[1.267s] INFO:colcon.colcon_core.shell:Creating prefix chain script '/home/alsnac/Codes/GIT/6DOF_Servo/ROS2-urdf/servo6dof/install/setup.bash'
[1.268s] INFO:colcon.colcon_core.shell:Creating prefix script '/home/alsnac/Codes/GIT/6DOF_Servo/ROS2-urdf/servo6dof/install/local_setup.zsh'
[1.268s] INFO:colcon.colcon_core.shell:Creating prefix chain script '/home/alsnac/Codes/GIT/6DOF_Servo/ROS2-urdf/servo6dof/install/setup.zsh'
