[0.013s] Invoking command in '/home/alsnac/Codes/GIT/6DOF_Servo/ROS2-urdf/servo6dof/build/servo6dof': CMAKE_PREFIX_PATH=/opt/ros/humble CONDA_PROMPT_MODIFIER=(base) /usr/bin/cmake /home/alsnac/Codes/GIT/6DOF_Servo/ROS2-urdf/servo6dof -DCMAKE_INSTALL_PREFIX=/home/alsnac/Codes/GIT/6DOF_Servo/ROS2-urdf/servo6dof/install/servo6dof
[0.077s] -- The C compiler identification is GNU 11.4.0
[0.140s] -- The CXX compiler identification is GNU 11.4.0
[0.148s] -- Detecting C compiler ABI info
[0.231s] -- Detecting C compiler ABI info - done
[0.238s] -- Check for working C compiler: /usr/bin/cc - skipped
[0.238s] -- Detecting C compile features
[0.238s] -- Detecting C compile features - done
[0.241s] -- Detecting CXX compiler ABI info
[0.333s] -- Detecting CXX compiler ABI info - done
[0.340s] -- Check for working CXX compiler: /usr/bin/c++ - skipped
[0.340s] -- Detecting CXX compile features
[0.340s] -- Detecting CXX compile features - done
[0.343s] -- Found ament_cmake: 1.3.9 (/opt/ros/humble/share/ament_cmake/cmake)
[0.673s] -- Found Python3: /home/alsnac/anaconda3/bin/python3 (found version "3.11.8") found components: Interpreter 
[0.764s] [31mCMake Error at CMakeLists.txt:14 (instal):
[0.764s]   Unknown CMake command "instal".
[0.764s] 
[0.764s] [0m
[0.764s] -- Configuring incomplete, errors occurred!
[0.764s] See also "/home/alsnac/Codes/GIT/6DOF_Servo/ROS2-urdf/servo6dof/build/servo6dof/CMakeFiles/CMakeOutput.log".
[0.769s] Invoked command in '/home/alsnac/Codes/GIT/6DOF_Servo/ROS2-urdf/servo6dof/build/servo6dof' returned '1': CMAKE_PREFIX_PATH=/opt/ros/humble CONDA_PROMPT_MODIFIER=(base) /usr/bin/cmake /home/alsnac/Codes/GIT/6DOF_Servo/ROS2-urdf/servo6dof -DCMAKE_INSTALL_PREFIX=/home/alsnac/Codes/GIT/6DOF_Servo/ROS2-urdf/servo6dof/install/servo6dof
