[0.009s] Invoking command in '/home/alsnac/Codes/GIT/6DOF_Servo/ROS2-urdf/servo6dof/build/servo6dof': CMAKE_PREFIX_PATH=/opt/ros/humble CONDA_PROMPT_MODIFIER=(base) /usr/bin/cmake --build /home/alsnac/Codes/GIT/6DOF_Servo/ROS2-urdf/servo6dof/build/servo6dof -- -j16 -l16
[0.051s] Invoked command in '/home/alsnac/Codes/GIT/6DOF_Servo/ROS2-urdf/servo6dof/build/servo6dof' returned '0': CMAKE_PREFIX_PATH=/opt/ros/humble CONDA_PROMPT_MODIFIER=(base) /usr/bin/cmake --build /home/alsnac/Codes/GIT/6DOF_Servo/ROS2-urdf/servo6dof/build/servo6dof -- -j16 -l16
[0.091s] Invoking command in '/home/alsnac/Codes/GIT/6DOF_Servo/ROS2-urdf/servo6dof/build/servo6dof': CMAKE_PREFIX_PATH=/opt/ros/humble CONDA_PROMPT_MODIFIER=(base) /usr/bin/cmake --install /home/alsnac/Codes/GIT/6DOF_Servo/ROS2-urdf/servo6dof/build/servo6dof
[0.098s] -- Install configuration: ""
[0.099s] -- Up-to-date: /home/alsnac/Codes/GIT/6DOF_Servo/ROS2-urdf/servo6dof/install/servo6dof/share/servo6dof/meshes
[0.099s] -- Up-to-date: /home/alsnac/Codes/GIT/6DOF_Servo/ROS2-urdf/servo6dof/install/servo6dof/share/servo6dof/meshes/manipulator_garra_fixa.stl
[0.099s] -- Up-to-date: /home/alsnac/Codes/GIT/6DOF_Servo/ROS2-urdf/servo6dof/install/servo6dof/share/servo6dof/meshes/basement.stl
[0.099s] -- Up-to-date: /home/alsnac/Codes/GIT/6DOF_Servo/ROS2-urdf/servo6dof/install/servo6dof/share/servo6dof/meshes/manipulator_elo2.stl
[0.099s] -- Up-to-date: /home/alsnac/Codes/GIT/6DOF_Servo/ROS2-urdf/servo6dof/install/servo6dof/share/servo6dof/meshes/manipulator_elo3.stl
[0.099s] -- Up-to-date: /home/alsnac/Codes/GIT/6DOF_Servo/ROS2-urdf/servo6dof/install/servo6dof/share/servo6dof/meshes/manipulator_elo4.stl
[0.100s] -- Up-to-date: /home/alsnac/Codes/GIT/6DOF_Servo/ROS2-urdf/servo6dof/install/servo6dof/share/servo6dof/meshes/manipulator_elo1.stl
[0.100s] -- Up-to-date: /home/alsnac/Codes/GIT/6DOF_Servo/ROS2-urdf/servo6dof/install/servo6dof/share/servo6dof/urdf
[0.100s] -- Up-to-date: /home/alsnac/Codes/GIT/6DOF_Servo/ROS2-urdf/servo6dof/install/servo6dof/share/servo6dof/urdf/servo6dof.urdf.xacro
[0.100s] -- Up-to-date: /home/alsnac/Codes/GIT/6DOF_Servo/ROS2-urdf/servo6dof/install/servo6dof/share/ament_index/resource_index/package_run_dependencies/servo6dof
[0.100s] -- Up-to-date: /home/alsnac/Codes/GIT/6DOF_Servo/ROS2-urdf/servo6dof/install/servo6dof/share/ament_index/resource_index/parent_prefix_path/servo6dof
[0.100s] -- Up-to-date: /home/alsnac/Codes/GIT/6DOF_Servo/ROS2-urdf/servo6dof/install/servo6dof/share/servo6dof/environment/ament_prefix_path.sh
[0.100s] -- Up-to-date: /home/alsnac/Codes/GIT/6DOF_Servo/ROS2-urdf/servo6dof/install/servo6dof/share/servo6dof/environment/ament_prefix_path.dsv
[0.100s] -- Up-to-date: /home/alsnac/Codes/GIT/6DOF_Servo/ROS2-urdf/servo6dof/install/servo6dof/share/servo6dof/environment/path.sh
[0.100s] -- Up-to-date: /home/alsnac/Codes/GIT/6DOF_Servo/ROS2-urdf/servo6dof/install/servo6dof/share/servo6dof/environment/path.dsv
[0.100s] -- Up-to-date: /home/alsnac/Codes/GIT/6DOF_Servo/ROS2-urdf/servo6dof/install/servo6dof/share/servo6dof/local_setup.bash
[0.100s] -- Up-to-date: /home/alsnac/Codes/GIT/6DOF_Servo/ROS2-urdf/servo6dof/install/servo6dof/share/servo6dof/local_setup.sh
[0.100s] -- Up-to-date: /home/alsnac/Codes/GIT/6DOF_Servo/ROS2-urdf/servo6dof/install/servo6dof/share/servo6dof/local_setup.zsh
[0.100s] -- Up-to-date: /home/alsnac/Codes/GIT/6DOF_Servo/ROS2-urdf/servo6dof/install/servo6dof/share/servo6dof/local_setup.dsv
[0.100s] -- Installing: /home/alsnac/Codes/GIT/6DOF_Servo/ROS2-urdf/servo6dof/install/servo6dof/share/servo6dof/package.dsv
[0.100s] -- Up-to-date: /home/alsnac/Codes/GIT/6DOF_Servo/ROS2-urdf/servo6dof/install/servo6dof/share/ament_index/resource_index/packages/servo6dof
[0.100s] -- Up-to-date: /home/alsnac/Codes/GIT/6DOF_Servo/ROS2-urdf/servo6dof/install/servo6dof/share/servo6dof/cmake/servo6dofConfig.cmake
[0.100s] -- Up-to-date: /home/alsnac/Codes/GIT/6DOF_Servo/ROS2-urdf/servo6dof/install/servo6dof/share/servo6dof/cmake/servo6dofConfig-version.cmake
[0.100s] -- Up-to-date: /home/alsnac/Codes/GIT/6DOF_Servo/ROS2-urdf/servo6dof/install/servo6dof/share/servo6dof/package.xml
[0.102s] Invoked command in '/home/alsnac/Codes/GIT/6DOF_Servo/ROS2-urdf/servo6dof/build/servo6dof' returned '0': CMAKE_PREFIX_PATH=/opt/ros/humble CONDA_PROMPT_MODIFIER=(base) /usr/bin/cmake --install /home/alsnac/Codes/GIT/6DOF_Servo/ROS2-urdf/servo6dof/build/servo6dof
