[0.012s] Invoking command in '/home/alsnac/Codes/GIT/6DOF_Servo/servo6dof/build/servo6dof_description': CMAKE_PREFIX_PATH=${CMAKE_PREFIX_PATH}:/opt/ros/humble /usr/bin/cmake --build /home/alsnac/Codes/GIT/6DOF_Servo/servo6dof/build/servo6dof_description -- -j16 -l16
[0.036s] -- Found ament_cmake: 1.3.10 (/opt/ros/humble/share/ament_cmake/cmake)
[0.148s] -- Found ament_lint_auto: 0.12.11 (/opt/ros/humble/share/ament_lint_auto/cmake)
[0.208s] -- Added test 'flake8' to check Python code syntax and style conventions
[0.208s] -- Added test 'lint_cmake' to check CMake code style
[0.208s] -- Added test 'pep257' to check Python code against some of the docstring style conventions in PEP 257
[0.210s] -- Added test 'xmllint' to check XML markup files
[0.211s] -- Configuring done
[0.214s] -- Generating done
[0.215s] -- Build files have been written to: /home/alsnac/Codes/GIT/6DOF_Servo/servo6dof/build/servo6dof_description
[0.238s] Invoked command in '/home/alsnac/Codes/GIT/6DOF_Servo/servo6dof/build/servo6dof_description' returned '0': CMAKE_PREFIX_PATH=${CMAKE_PREFIX_PATH}:/opt/ros/humble /usr/bin/cmake --build /home/alsnac/Codes/GIT/6DOF_Servo/servo6dof/build/servo6dof_description -- -j16 -l16
[0.276s] Invoking command in '/home/alsnac/Codes/GIT/6DOF_Servo/servo6dof/build/servo6dof_description': CMAKE_PREFIX_PATH=${CMAKE_PREFIX_PATH}:/opt/ros/humble /usr/bin/cmake --install /home/alsnac/Codes/GIT/6DOF_Servo/servo6dof/build/servo6dof_description
[0.283s] -- Install configuration: ""
[0.283s] -- Installing: /home/alsnac/Codes/GIT/6DOF_Servo/servo6dof/install/servo6dof_description/share/servo6dof_description/meshes
[0.283s] -- Installing: /home/alsnac/Codes/GIT/6DOF_Servo/servo6dof/install/servo6dof_description/share/servo6dof_description/meshes/garra_pinca.stl
[0.284s] -- Installing: /home/alsnac/Codes/GIT/6DOF_Servo/servo6dof/install/servo6dof_description/share/servo6dof_description/meshes/garra_elo2.stl
[0.284s] -- Installing: /home/alsnac/Codes/GIT/6DOF_Servo/servo6dof/install/servo6dof_description/share/servo6dof_description/meshes/manipulator_elo3.stl
[0.287s] -- Installing: /home/alsnac/Codes/GIT/6DOF_Servo/servo6dof/install/servo6dof_description/share/servo6dof_description/meshes/base_garra.stl
[0.287s] -- Installing: /home/alsnac/Codes/GIT/6DOF_Servo/servo6dof/install/servo6dof_description/share/servo6dof_description/meshes/servo.stl
[0.288s] -- Installing: /home/alsnac/Codes/GIT/6DOF_Servo/servo6dof/install/servo6dof_description/share/servo6dof_description/meshes/basement.stl
[0.291s] -- Installing: /home/alsnac/Codes/GIT/6DOF_Servo/servo6dof/install/servo6dof_description/share/servo6dof_description/meshes/manipulator_elo1.stl
[0.292s] -- Installing: /home/alsnac/Codes/GIT/6DOF_Servo/servo6dof/install/servo6dof_description/share/servo6dof_description/meshes/manipulator_elo2.stl
[0.293s] -- Installing: /home/alsnac/Codes/GIT/6DOF_Servo/servo6dof/install/servo6dof_description/share/servo6dof_description/meshes/manipulator_garra_fixa.stl
[0.293s] -- Installing: /home/alsnac/Codes/GIT/6DOF_Servo/servo6dof/install/servo6dof_description/share/servo6dof_description/meshes/manipulator_elo4.stl
[0.295s] -- Installing: /home/alsnac/Codes/GIT/6DOF_Servo/servo6dof/install/servo6dof_description/share/servo6dof_description/meshes/garra_elo1.stl
[0.295s] -- Installing: /home/alsnac/Codes/GIT/6DOF_Servo/servo6dof/install/servo6dof_description/share/servo6dof_description/urdf
[0.295s] -- Installing: /home/alsnac/Codes/GIT/6DOF_Servo/servo6dof/install/servo6dof_description/share/servo6dof_description/urdf/servo6dof.urdf.xacro
[0.295s] -- Installing: /home/alsnac/Codes/GIT/6DOF_Servo/servo6dof/install/servo6dof_description/share/servo6dof_description/launch
[0.295s] -- Installing: /home/alsnac/Codes/GIT/6DOF_Servo/servo6dof/install/servo6dof_description/share/servo6dof_description/launch/display.launch.py
[0.295s] -- Installing: /home/alsnac/Codes/GIT/6DOF_Servo/servo6dof/install/servo6dof_description/share/servo6dof_description/rviz
[0.295s] -- Up-to-date: /home/alsnac/Codes/GIT/6DOF_Servo/servo6dof/install/servo6dof_description/share/ament_index/resource_index/package_run_dependencies/servo6dof_description
[0.295s] -- Installing: /home/alsnac/Codes/GIT/6DOF_Servo/servo6dof/install/servo6dof_description/share/ament_index/resource_index/parent_prefix_path/servo6dof_description
[0.295s] -- Up-to-date: /home/alsnac/Codes/GIT/6DOF_Servo/servo6dof/install/servo6dof_description/share/servo6dof_description/environment/ament_prefix_path.sh
[0.295s] -- Installing: /home/alsnac/Codes/GIT/6DOF_Servo/servo6dof/install/servo6dof_description/share/servo6dof_description/environment/ament_prefix_path.dsv
[0.296s] -- Up-to-date: /home/alsnac/Codes/GIT/6DOF_Servo/servo6dof/install/servo6dof_description/share/servo6dof_description/environment/path.sh
[0.296s] -- Installing: /home/alsnac/Codes/GIT/6DOF_Servo/servo6dof/install/servo6dof_description/share/servo6dof_description/environment/path.dsv
[0.296s] -- Up-to-date: /home/alsnac/Codes/GIT/6DOF_Servo/servo6dof/install/servo6dof_description/share/servo6dof_description/local_setup.bash
[0.296s] -- Up-to-date: /home/alsnac/Codes/GIT/6DOF_Servo/servo6dof/install/servo6dof_description/share/servo6dof_description/local_setup.sh
[0.296s] -- Up-to-date: /home/alsnac/Codes/GIT/6DOF_Servo/servo6dof/install/servo6dof_description/share/servo6dof_description/local_setup.zsh
[0.296s] -- Installing: /home/alsnac/Codes/GIT/6DOF_Servo/servo6dof/install/servo6dof_description/share/servo6dof_description/local_setup.dsv
[0.296s] -- Installing: /home/alsnac/Codes/GIT/6DOF_Servo/servo6dof/install/servo6dof_description/share/servo6dof_description/package.dsv
[0.296s] -- Up-to-date: /home/alsnac/Codes/GIT/6DOF_Servo/servo6dof/install/servo6dof_description/share/ament_index/resource_index/packages/servo6dof_description
[0.296s] -- Up-to-date: /home/alsnac/Codes/GIT/6DOF_Servo/servo6dof/install/servo6dof_description/share/servo6dof_description/cmake/servo6dof_descriptionConfig.cmake
[0.296s] -- Up-to-date: /home/alsnac/Codes/GIT/6DOF_Servo/servo6dof/install/servo6dof_description/share/servo6dof_description/cmake/servo6dof_descriptionConfig-version.cmake
[0.296s] -- Up-to-date: /home/alsnac/Codes/GIT/6DOF_Servo/servo6dof/install/servo6dof_description/share/servo6dof_description/package.xml
[0.299s] Invoked command in '/home/alsnac/Codes/GIT/6DOF_Servo/servo6dof/build/servo6dof_description' returned '0': CMAKE_PREFIX_PATH=${CMAKE_PREFIX_PATH}:/opt/ros/humble /usr/bin/cmake --install /home/alsnac/Codes/GIT/6DOF_Servo/servo6dof/build/servo6dof_description
