-- The C compiler identification is GNU 11.4.0
-- The CXX compiler identification is GNU 11.4.0
-- Detecting C compiler ABI info
-- Detecting C compiler ABI info - done
-- Check for working C compiler: /usr/bin/cc - skipped
-- Detecting C compile features
-- Detecting C compile features - done
-- Detecting CXX compiler ABI info
-- Detecting CXX compiler ABI info - done
-- Check for working CXX compiler: /usr/bin/c++ - skipped
-- Detecting CXX compile features
-- Detecting CXX compile features - done
-- Found ament_cmake: 1.3.9 (/opt/ros/humble/share/ament_cmake/cmake)
-- Found Python3: /home/alsnac/anaconda3/bin/python3 (found version "3.11.8") found components: Interpreter 
-- Found ament_lint_auto: 0.12.11 (/opt/ros/humble/share/ament_lint_auto/cmake)
-- Added test 'lint_cmake' to check CMake code style
-- Added test 'xmllint' to check XML markup files
-- Configuring done
-- Generating done
-- Build files have been written to: /home/alsnac/Codes/GIT/6DOF_Servo/ROS2-urdf/build/servo6dof
-- Install configuration: ""
-- Installing: /home/alsnac/Codes/GIT/6DOF_Servo/ROS2-urdf/install/servo6dof/share/ament_index/resource_index/package_run_dependencies/servo6dof
-- Installing: /home/alsnac/Codes/GIT/6DOF_Servo/ROS2-urdf/install/servo6dof/share/ament_index/resource_index/parent_prefix_path/servo6dof
-- Installing: /home/alsnac/Codes/GIT/6DOF_Servo/ROS2-urdf/install/servo6dof/share/servo6dof/environment/ament_prefix_path.sh
-- Installing: /home/alsnac/Codes/GIT/6DOF_Servo/ROS2-urdf/install/servo6dof/share/servo6dof/environment/ament_prefix_path.dsv
-- Installing: /home/alsnac/Codes/GIT/6DOF_Servo/ROS2-urdf/install/servo6dof/share/servo6dof/environment/path.sh
-- Installing: /home/alsnac/Codes/GIT/6DOF_Servo/ROS2-urdf/install/servo6dof/share/servo6dof/environment/path.dsv
-- Installing: /home/alsnac/Codes/GIT/6DOF_Servo/ROS2-urdf/install/servo6dof/share/servo6dof/local_setup.bash
-- Installing: /home/alsnac/Codes/GIT/6DOF_Servo/ROS2-urdf/install/servo6dof/share/servo6dof/local_setup.sh
-- Installing: /home/alsnac/Codes/GIT/6DOF_Servo/ROS2-urdf/install/servo6dof/share/servo6dof/local_setup.zsh
-- Installing: /home/alsnac/Codes/GIT/6DOF_Servo/ROS2-urdf/install/servo6dof/share/servo6dof/local_setup.dsv
-- Installing: /home/alsnac/Codes/GIT/6DOF_Servo/ROS2-urdf/install/servo6dof/share/servo6dof/package.dsv
-- Installing: /home/alsnac/Codes/GIT/6DOF_Servo/ROS2-urdf/install/servo6dof/share/ament_index/resource_index/packages/servo6dof
-- Installing: /home/alsnac/Codes/GIT/6DOF_Servo/ROS2-urdf/install/servo6dof/share/servo6dof/cmake/servo6dofConfig.cmake
-- Installing: /home/alsnac/Codes/GIT/6DOF_Servo/ROS2-urdf/install/servo6dof/share/servo6dof/cmake/servo6dofConfig-version.cmake
-- Installing: /home/alsnac/Codes/GIT/6DOF_Servo/ROS2-urdf/install/servo6dof/share/servo6dof/package.xml
