[0.012s] Invoking command in '/home/alsnac/Codes/GIT/6DOF_Servo/ROS2-urdf/build/servo6dof': CMAKE_PREFIX_PATH=/opt/ros/humble CONDA_PROMPT_MODIFIER=(base) /usr/bin/cmake /home/alsnac/Codes/GIT/6DOF_Servo/ROS2-urdf/servo6dof -DCMAKE_INSTALL_PREFIX=/home/alsnac/Codes/GIT/6DOF_Servo/ROS2-urdf/install/servo6dof
[0.074s] -- The C compiler identification is GNU 11.4.0
[0.134s] -- The CXX compiler identification is GNU 11.4.0
[0.143s] -- Detecting C compiler ABI info
[0.218s] -- Detecting C compiler ABI info - done
[0.224s] -- Check for working C compiler: /usr/bin/cc - skipped
[0.224s] -- Detecting C compile features
[0.224s] -- Detecting C compile features - done
[0.226s] -- Detecting CXX compiler ABI info
[0.313s] -- Detecting CXX compiler ABI info - done
[0.319s] -- Check for working CXX compiler: /usr/bin/c++ - skipped
[0.319s] -- Detecting CXX compile features
[0.319s] -- Detecting CXX compile features - done
[0.322s] -- Found ament_cmake: 1.3.9 (/opt/ros/humble/share/ament_cmake/cmake)
[0.622s] -- Found Python3: /home/alsnac/anaconda3/bin/python3 (found version "3.11.8") found components: Interpreter 
[0.709s] -- Found ament_lint_auto: 0.12.11 (/opt/ros/humble/share/ament_lint_auto/cmake)
[0.796s] -- Added test 'lint_cmake' to check CMake code style
[0.797s] -- Added test 'xmllint' to check XML markup files
[0.798s] -- Configuring done
[0.801s] -- Generating done
[0.801s] -- Build files have been written to: /home/alsnac/Codes/GIT/6DOF_Servo/ROS2-urdf/build/servo6dof
[0.806s] Invoked command in '/home/alsnac/Codes/GIT/6DOF_Servo/ROS2-urdf/build/servo6dof' returned '0': CMAKE_PREFIX_PATH=/opt/ros/humble CONDA_PROMPT_MODIFIER=(base) /usr/bin/cmake /home/alsnac/Codes/GIT/6DOF_Servo/ROS2-urdf/servo6dof -DCMAKE_INSTALL_PREFIX=/home/alsnac/Codes/GIT/6DOF_Servo/ROS2-urdf/install/servo6dof
[0.808s] Invoking command in '/home/alsnac/Codes/GIT/6DOF_Servo/ROS2-urdf/build/servo6dof': CMAKE_PREFIX_PATH=/opt/ros/humble CONDA_PROMPT_MODIFIER=(base) /usr/bin/cmake --build /home/alsnac/Codes/GIT/6DOF_Servo/ROS2-urdf/build/servo6dof -- -j16 -l16
[0.851s] Invoked command in '/home/alsnac/Codes/GIT/6DOF_Servo/ROS2-urdf/build/servo6dof' returned '0': CMAKE_PREFIX_PATH=/opt/ros/humble CONDA_PROMPT_MODIFIER=(base) /usr/bin/cmake --build /home/alsnac/Codes/GIT/6DOF_Servo/ROS2-urdf/build/servo6dof -- -j16 -l16
[0.894s] Invoking command in '/home/alsnac/Codes/GIT/6DOF_Servo/ROS2-urdf/build/servo6dof': CMAKE_PREFIX_PATH=/opt/ros/humble CONDA_PROMPT_MODIFIER=(base) /usr/bin/cmake --install /home/alsnac/Codes/GIT/6DOF_Servo/ROS2-urdf/build/servo6dof
[0.901s] -- Install configuration: ""
[0.901s] -- Installing: /home/alsnac/Codes/GIT/6DOF_Servo/ROS2-urdf/install/servo6dof/share/ament_index/resource_index/package_run_dependencies/servo6dof
[0.901s] -- Installing: /home/alsnac/Codes/GIT/6DOF_Servo/ROS2-urdf/install/servo6dof/share/ament_index/resource_index/parent_prefix_path/servo6dof
[0.902s] -- Installing: /home/alsnac/Codes/GIT/6DOF_Servo/ROS2-urdf/install/servo6dof/share/servo6dof/environment/ament_prefix_path.sh
[0.902s] -- Installing: /home/alsnac/Codes/GIT/6DOF_Servo/ROS2-urdf/install/servo6dof/share/servo6dof/environment/ament_prefix_path.dsv
[0.902s] -- Installing: /home/alsnac/Codes/GIT/6DOF_Servo/ROS2-urdf/install/servo6dof/share/servo6dof/environment/path.sh
[0.902s] -- Installing: /home/alsnac/Codes/GIT/6DOF_Servo/ROS2-urdf/install/servo6dof/share/servo6dof/environment/path.dsv
[0.902s] -- Installing: /home/alsnac/Codes/GIT/6DOF_Servo/ROS2-urdf/install/servo6dof/share/servo6dof/local_setup.bash
[0.902s] -- Installing: /home/alsnac/Codes/GIT/6DOF_Servo/ROS2-urdf/install/servo6dof/share/servo6dof/local_setup.sh
[0.902s] -- Installing: /home/alsnac/Codes/GIT/6DOF_Servo/ROS2-urdf/install/servo6dof/share/servo6dof/local_setup.zsh
[0.902s] -- Installing: /home/alsnac/Codes/GIT/6DOF_Servo/ROS2-urdf/install/servo6dof/share/servo6dof/local_setup.dsv
[0.902s] -- Installing: /home/alsnac/Codes/GIT/6DOF_Servo/ROS2-urdf/install/servo6dof/share/servo6dof/package.dsv
[0.903s] -- Installing: /home/alsnac/Codes/GIT/6DOF_Servo/ROS2-urdf/install/servo6dof/share/ament_index/resource_index/packages/servo6dof
[0.903s] -- Installing: /home/alsnac/Codes/GIT/6DOF_Servo/ROS2-urdf/install/servo6dof/share/servo6dof/cmake/servo6dofConfig.cmake
[0.903s] -- Installing: /home/alsnac/Codes/GIT/6DOF_Servo/ROS2-urdf/install/servo6dof/share/servo6dof/cmake/servo6dofConfig-version.cmake
[0.903s] -- Installing: /home/alsnac/Codes/GIT/6DOF_Servo/ROS2-urdf/install/servo6dof/share/servo6dof/package.xml
[0.906s] Invoked command in '/home/alsnac/Codes/GIT/6DOF_Servo/ROS2-urdf/build/servo6dof' returned '0': CMAKE_PREFIX_PATH=/opt/ros/humble CONDA_PROMPT_MODIFIER=(base) /usr/bin/cmake --install /home/alsnac/Codes/GIT/6DOF_Servo/ROS2-urdf/build/servo6dof
