-- Install configuration: ""
-- Up-to-date: /home/alsnac/Codes/GIT/6DOF_Servo/ROS2-urdf/servo6dof/install/servo6dof/share/servo6dof/meshes
-- Up-to-date: /home/alsnac/Codes/GIT/6DOF_Servo/ROS2-urdf/servo6dof/install/servo6dof/share/servo6dof/meshes/manipulator_garra_fixa.stl
-- Up-to-date: /home/alsnac/Codes/GIT/6DOF_Servo/ROS2-urdf/servo6dof/install/servo6dof/share/servo6dof/meshes/basement.stl
-- Up-to-date: /home/alsnac/Codes/GIT/6DOF_Servo/ROS2-urdf/servo6dof/install/servo6dof/share/servo6dof/meshes/manipulator_elo2.stl
-- Up-to-date: /home/alsnac/Codes/GIT/6DOF_Servo/ROS2-urdf/servo6dof/install/servo6dof/share/servo6dof/meshes/manipulator_elo3.stl
-- Up-to-date: /home/alsnac/Codes/GIT/6DOF_Servo/ROS2-urdf/servo6dof/install/servo6dof/share/servo6dof/meshes/manipulator_elo4.stl
-- Up-to-date: /home/alsnac/Codes/GIT/6DOF_Servo/ROS2-urdf/servo6dof/install/servo6dof/share/servo6dof/meshes/manipulator_elo1.stl
-- Up-to-date: /home/alsnac/Codes/GIT/6DOF_Servo/ROS2-urdf/servo6dof/install/servo6dof/share/servo6dof/urdf
-- Installing: /home/alsnac/Codes/GIT/6DOF_Servo/ROS2-urdf/servo6dof/install/servo6dof/share/servo6dof/urdf/servo6dof.urdf.xacro
-- Up-to-date: /home/alsnac/Codes/GIT/6DOF_Servo/ROS2-urdf/servo6dof/install/servo6dof/share/ament_index/resource_index/package_run_dependencies/servo6dof
-- Up-to-date: /home/alsnac/Codes/GIT/6DOF_Servo/ROS2-urdf/servo6dof/install/servo6dof/share/ament_index/resource_index/parent_prefix_path/servo6dof
-- Up-to-date: /home/alsnac/Codes/GIT/6DOF_Servo/ROS2-urdf/servo6dof/install/servo6dof/share/servo6dof/environment/ament_prefix_path.sh
-- Up-to-date: /home/alsnac/Codes/GIT/6DOF_Servo/ROS2-urdf/servo6dof/install/servo6dof/share/servo6dof/environment/ament_prefix_path.dsv
-- Up-to-date: /home/alsnac/Codes/GIT/6DOF_Servo/ROS2-urdf/servo6dof/install/servo6dof/share/servo6dof/environment/path.sh
-- Up-to-date: /home/alsnac/Codes/GIT/6DOF_Servo/ROS2-urdf/servo6dof/install/servo6dof/share/servo6dof/environment/path.dsv
-- Up-to-date: /home/alsnac/Codes/GIT/6DOF_Servo/ROS2-urdf/servo6dof/install/servo6dof/share/servo6dof/local_setup.bash
-- Up-to-date: /home/alsnac/Codes/GIT/6DOF_Servo/ROS2-urdf/servo6dof/install/servo6dof/share/servo6dof/local_setup.sh
-- Up-to-date: /home/alsnac/Codes/GIT/6DOF_Servo/ROS2-urdf/servo6dof/install/servo6dof/share/servo6dof/local_setup.zsh
-- Up-to-date: /home/alsnac/Codes/GIT/6DOF_Servo/ROS2-urdf/servo6dof/install/servo6dof/share/servo6dof/local_setup.dsv
-- Installing: /home/alsnac/Codes/GIT/6DOF_Servo/ROS2-urdf/servo6dof/install/servo6dof/share/servo6dof/package.dsv
-- Up-to-date: /home/alsnac/Codes/GIT/6DOF_Servo/ROS2-urdf/servo6dof/install/servo6dof/share/ament_index/resource_index/packages/servo6dof
-- Up-to-date: /home/alsnac/Codes/GIT/6DOF_Servo/ROS2-urdf/servo6dof/install/servo6dof/share/servo6dof/cmake/servo6dofConfig.cmake
-- Up-to-date: /home/alsnac/Codes/GIT/6DOF_Servo/ROS2-urdf/servo6dof/install/servo6dof/share/servo6dof/cmake/servo6dofConfig-version.cmake
-- Up-to-date: /home/alsnac/Codes/GIT/6DOF_Servo/ROS2-urdf/servo6dof/install/servo6dof/share/servo6dof/package.xml
